Added Component: Designator=*1(M3 - Mounting Hole)
Added Component: Designator=*2(M3 - Mounting Hole)
Added Component: Designator=*3(M3 - Mounting Hole)
Added Component: Designator=*4(M3 - Mounting Hole)
Added Component: Designator=*5(M3 - Mounting Hole)
Added Component: Designator=*6(M3 - Mounting Hole)
Added Component: Designator=*7(M3 - Mounting Hole)
Added Component: Designator=*8(M3 - Mounting Hole)
Added Component: Designator=*9(M3 - Mounting Hole)
Added Component: Designator=*10(M3 - Mounting Hole)
Added Component: Designator=*11(M3 - Mounting Hole)
Added Component: Designator=*(M3 - Mounting Hole)
Added Pin To Net: NetName=GND Pin=*1-1
Added Pin To Net: NetName=+12 Pin=*2-1
Added Pin To Net: NetName=+12 Pin=*3-1
Added Pin To Net: NetName=NetK2_14 Pin=*4-1
Added Pin To Net: NetName=NetK2_14 Pin=*5-1
Added Pin To Net: NetName=GND Pin=*-1
Change Net Name : Old Net Name=NetK2_14 New Net Name=Net*4_1
Added Pin To Net: NetName=Net*6_1 Pin=*6-1
Added Pin To Net: NetName=Net*6_1 Pin=*7-1
Added Pin To Net: NetName=Net*6_1 Pin=K4-14
Added Pin To Net: NetName=Net*6_1 Pin=K4-24
Added Net: Name=Net*6_1
Added Member To Class: ClassName=Relays Member=Component *1 M3 Mounting Hole
Added Member To Class: ClassName=Relays Member=Component *2 M3 Mounting Hole
Added Member To Class: ClassName=Relays Member=Component *3 M3 Mounting Hole
Added Member To Class: ClassName=Relays Member=Component *4 M3 Mounting Hole
Added Member To Class: ClassName=Relays Member=Component *5 M3 Mounting Hole
Added Member To Class: ClassName=Relays Member=Component *6 M3 Mounting Hole
Added Member To Class: ClassName=Relays Member=Component *7 M3 Mounting Hole
Added Member To Class: ClassName=Relays Member=Component *8 M3 Mounting Hole
Added Member To Class: ClassName=Relays Member=Component *9 M3 Mounting Hole
Added Member To Class: ClassName=Relays Member=Component *10 M3 Mounting Hole
Added Member To Class: ClassName=Relays Member=Component *11 M3 Mounting Hole
Added Member To Class: ClassName=Relays Member=Component * M3 Mounting Hole
